#-----------------------------------------------------------
# Vivado v2019.2 (64-bit)
# SW Build 2708876 on Wed Nov  6 21:40:23 MST 2019
# IP Build 2700528 on Thu Nov  7 00:09:20 MST 2019
# Start of session at: Sun Jun 20 17:18:56 2021
# Process ID: 8260
# Current directory: F:/study/homework/project/计算机组成原理课设设计/project_3
# Command line: vivado.exe -gui_launcher_event rodinguilauncherevent8596 F:\study\homework\project\计算机组成原理课设设计\project_3\project_3.xpr
# Log file: F:/study/homework/project/计算机组成原理课设设计/project_3/vivado.log
# Journal file: F:/study/homework/project/计算机组成原理课设设计/project_3\vivado.jou
#-----------------------------------------------------------
start_gui
open_project F:/study/homework/project/计算机组成原理课设设计/project_3/project_3.xpr
INFO: [Project 1-313] Project file moved from 'F:/study/homework/project/project_3' since last save.
Scanning sources...
Finished scanning sources
INFO: [IP_Flow 19-234] Refreshing IP repositories
INFO: [IP_Flow 19-1704] No user IP repositories specified
INFO: [IP_Flow 19-2313] Loaded Vivado IP repository 'F:/Vivado/Vivado/2019.2/data/ip'.
open_project: Time (s): cpu = 00:00:12 ; elapsed = 00:00:06 . Memory (MB): peak = 853.758 ; gain = 190.102
update_compile_order -fileset sources_1
exit
INFO: [Common 17-206] Exiting Vivado at Sun Jun 20 17:19:46 2021...
